<?xml version="1.0" encoding="UTF-8"?>
<!-- Generated by org.testng.reporters.JUnitXMLReporter -->
<testsuite ignored="0" hostname="Vishesh-Saxena" failures="1" tests="4" name="Test" time="20.384" errors="0" timestamp="2021-08-09T17:29:40 IST">
  <testcase classname="testCases.ValidatePageTitleTest" name="getTitle" time="5.653">
    <failure type="java.lang.AssertionError" message="expected [FEATURED COURSES123] but found [FEATURED COURSES]">
      <![CDATA[java.lang.AssertionError: expected [FEATURED COURSES123] but found [FEATURED COURSES]
at testCases.ValidatePageTitleTest.getTitle(ValidatePageTitleTest.java:25)
at java.base/java.util.ArrayList.forEach(ArrayList.java:1511)
... Removed 33 stack frames]]>
    </failure>
  </testcase> <!-- getTitle -->
  <testcase classname="testCases.HomePageTest" name="homePage" time="5.393"/>
  <testcase classname="testCases.HomePageTest" name="homePage" time="4.361"/>
  <testcase classname="testCases.HomePageTest" name="homePage" time="4.495"/>
</testsuite> <!-- Test -->
