<?xml version="1.0" encoding="UTF-8"?>
<!-- Generated by org.testng.reporters.JUnitXMLReporter -->
<testsuite ignored="0" hostname="Vishesh-Saxena" failures="1" tests="4" name="Test" time="23.362" errors="0" timestamp="2021-08-09T18:14:58 IST">
  <testcase classname="testCases.ValidatePageTitleTest" name="getTitle" time="5.761">
    <failure type="java.lang.AssertionError" message="expected [FEATURED COURSES123] but found [FEATURED COURSES]">
      <![CDATA[java.lang.AssertionError: expected [FEATURED COURSES123] but found [FEATURED COURSES]
at testCases.ValidatePageTitleTest.getTitle(ValidatePageTitleTest.java:25)
at java.base/java.util.ArrayList.forEach(ArrayList.java:1511)
... Removed 37 stack frames]]>
    </failure>
  </testcase> <!-- getTitle -->
  <testcase classname="testCases.HomePageTest" name="homePage" time="6.094"/>
  <testcase classname="testCases.HomePageTest" name="homePage" time="4.891"/>
  <testcase classname="testCases.HomePageTest" name="homePage" time="5.682"/>
</testsuite> <!-- Test -->
