-------------------------------------------------------------------------------
Test set: TestSuite
-------------------------------------------------------------------------------
Tests run: 4, Failures: 1, Errors: 0, Skipped: 0, Time elapsed: 24.005 s <<< FAILURE! - in TestSuite
getTitle(testCases.ValidatePageTitleTest)  Time elapsed: 5.772 s  <<< FAILURE!
java.lang.AssertionError: expected [FEATURED COURSES123] but found [FEATURED COURSES]
	at testCases.ValidatePageTitleTest.getTitle(ValidatePageTitleTest.java:25)

